[2016-12-27T11:32:11.482+0100] [] [INFO] [NCLS-GFLAUNCHER-00005] [javax.enterprise.launcher] [tid: _ThreadID=1 _ThreadName=main] [timeMillis: 1482834731482] [levelValue: 800] [[
  JVM invocation command line:
/usr/lib/jvm/java-8-oracle/bin/java
-cp
/home/tobias/Dokumente/JAVA/glassfish4/glassfish/modules/glassfish.jar
-XX:+UnlockDiagnosticVMOptions
-XX:NewRatio=2
-XX:MaxPermSize=192m
-Xmx512m
-client
-javaagent:/home/tobias/Dokumente/JAVA/glassfish4/glassfish/lib/monitor/flashlight-agent.jar
-Djavax.xml.accessExternalSchema=all
-Djavax.net.ssl.trustStore=/home/tobias/Dokumente/JAVA/glassfish4/glassfish/domains/web/config/cacerts.jks
-Djdk.corba.allowOutputStreamSubclass=true
-Dfelix.fileinstall.dir=/home/tobias/Dokumente/JAVA/glassfish4/glassfish/modules/autostart/
-Dorg.glassfish.additionalOSGiBundlesToStart=org.apache.felix.shell,org.apache.felix.gogo.runtime,org.apache.felix.gogo.shell,org.apache.felix.gogo.command,org.apache.felix.shell.remote,org.apache.felix.fileinstall
-Dcom.sun.aas.installRoot=/home/tobias/Dokumente/JAVA/glassfish4/glassfish
-Dfelix.fileinstall.poll=5000
-Djava.endorsed.dirs=/home/tobias/Dokumente/JAVA/glassfish4/glassfish/modules/endorsed:/home/tobias/Dokumente/JAVA/glassfish4/glassfish/lib/endorsed
-Djava.security.policy=/home/tobias/Dokumente/JAVA/glassfish4/glassfish/domains/web/config/server.policy
-Dosgi.shell.telnet.maxconn=1
-Dfelix.fileinstall.bundles.startTransient=true
-Dcom.sun.enterprise.config.config_environment_factory_class=com.sun.enterprise.config.serverbeans.AppserverConfigEnvironmentFactory
-Dfelix.fileinstall.log.level=2
-Djavax.net.ssl.keyStore=/home/tobias/Dokumente/JAVA/glassfish4/glassfish/domains/web/config/keystore.jks
-Djava.security.auth.login.config=/home/tobias/Dokumente/JAVA/glassfish4/glassfish/domains/web/config/login.conf
-Dfelix.fileinstall.disableConfigSave=false
-Dfelix.fileinstall.bundles.new.start=true
-Dcom.sun.aas.instanceRoot=/home/tobias/Dokumente/JAVA/glassfish4/glassfish/domains/web
-Dosgi.shell.telnet.port=8066
-Dgosh.args=--nointeractive
-Dcom.sun.enterprise.security.httpsOutboundKeyAlias=s1as
-Dosgi.shell.telnet.ip=127.0.0.1
-DANTLR_USE_DIRECT_CLASS_LOADING=true
-Djava.awt.headless=true
-Dcom.ctc.wstx.returnNullForDefaultNamespace=true
-Djava.ext.dirs=/usr/lib/jvm/java-8-oracle/lib/ext:/usr/lib/jvm/java-8-oracle/jre/lib/ext:/home/tobias/Dokumente/JAVA/glassfish4/glassfish/domains/web/lib/ext
-Djdbc.drivers=org.apache.derby.jdbc.ClientDriver
-Djava.library.path=/home/tobias/Dokumente/JAVA/glassfish4/glassfish/lib:/usr/java/packages/lib/amd64:/usr/lib64:/lib64:/lib:/usr/lib
com.sun.enterprise.glassfish.bootstrap.ASMain
-upgrade
false
-domaindir
/home/tobias/Dokumente/JAVA/glassfish4/glassfish/domains/web
-read-stdin
true
-asadmin-args
--host,,,localhost,,,--port,,,4848,,,--secure=false,,,--terse=false,,,--echo=false,,,--interactive=true,,,start-domain,,,--verbose=false,,,--watchdog=false,,,--debug=false,,,--domaindir,,,/home/tobias/Dokumente/JAVA/glassfish4/glassfish/domains,,,web
-domainname
web
-instancename
server
-type
DAS
-verbose
false
-asadmin-classpath
/home/tobias/Dokumente/JAVA/glassfish4/glassfish/lib/client/appserver-cli.jar
-debug
false
-asadmin-classname
com.sun.enterprise.admin.cli.AdminMain]]

[2016-12-27T11:32:15.934+0100] [glassfish 4.1] [INFO] [NCLS-LOGGING-00009] [javax.enterprise.logging] [tid: _ThreadID=17 _ThreadName=RunLevelControllerThread-1482834735701] [timeMillis: 1482834735934] [levelValue: 800] [[
  Running GlassFish Version: GlassFish Server Open Source Edition  4.1.1  (build 1)]]

[2016-12-27T11:32:15.937+0100] [glassfish 4.1] [INFO] [NCLS-LOGGING-00010] [javax.enterprise.logging] [tid: _ThreadID=17 _ThreadName=RunLevelControllerThread-1482834735701] [timeMillis: 1482834735937] [levelValue: 800] [[
  Server log file is using Formatter class: com.sun.enterprise.server.logging.ODLLogFormatter]]

[2016-12-27T11:32:16.175+0100] [glassfish 4.1] [INFO] [NCLS-SECURITY-01115] [javax.enterprise.system.core.security] [tid: _ThreadID=19 _ThreadName=RunLevelControllerThread-1482834735723] [timeMillis: 1482834736175] [levelValue: 800] [[
  Realm [admin-realm] of classtype [com.sun.enterprise.security.auth.realm.file.FileRealm] successfully created.]]

[2016-12-27T11:32:16.180+0100] [glassfish 4.1] [INFO] [NCLS-SECURITY-01115] [javax.enterprise.system.core.security] [tid: _ThreadID=19 _ThreadName=RunLevelControllerThread-1482834735723] [timeMillis: 1482834736180] [levelValue: 800] [[
  Realm [file] of classtype [com.sun.enterprise.security.auth.realm.file.FileRealm] successfully created.]]

[2016-12-27T11:32:16.191+0100] [glassfish 4.1] [INFO] [NCLS-SECURITY-01115] [javax.enterprise.system.core.security] [tid: _ThreadID=19 _ThreadName=RunLevelControllerThread-1482834735723] [timeMillis: 1482834736191] [levelValue: 800] [[
  Realm [certificate] of classtype [com.sun.enterprise.security.auth.realm.certificate.CertificateRealm] successfully created.]]

[2016-12-27T11:32:16.468+0100] [glassfish 4.1] [INFO] [] [org.hibernate.validator.internal.util.Version] [tid: _ThreadID=16 _ThreadName=RunLevelControllerThread-1482834735699] [timeMillis: 1482834736468] [levelValue: 800] [[
  HV000001: Hibernate Validator 5.1.2.Final]]

[2016-12-27T11:32:16.606+0100] [glassfish 4.1] [INFO] [SEC-SVCS-00100] [javax.enterprise.security.services] [tid: _ThreadID=17 _ThreadName=RunLevelControllerThread-1482834735701] [timeMillis: 1482834736606] [levelValue: 800] [[
  Authorization Service has successfully initialized.]]

[2016-12-27T11:32:17.098+0100] [glassfish 4.1] [INFO] [] [org.glassfish.ha.store.spi.BackingStoreFactoryRegistry] [tid: _ThreadID=19 _ThreadName=RunLevelControllerThread-1482834735723] [timeMillis: 1482834737098] [levelValue: 800] [[
  Registered org.glassfish.ha.store.adapter.cache.ShoalBackingStoreProxy for persistence-type = replicated in BackingStoreFactoryRegistry]]

[2016-12-27T11:32:17.214+0100] [glassfish 4.1] [WARNING] [] [org.glassfish.grizzly.config.Utils] [tid: _ThreadID=18 _ThreadName=RunLevelControllerThread-1482834735715] [timeMillis: 1482834737214] [levelValue: 900] [[
  Instance could not be initialized. Class=interface org.glassfish.grizzly.http.server.AddOn, name=http-listener-1, realClassName=org.glassfish.grizzly.http2.Http2AddOn]]

[2016-12-27T11:32:17.354+0100] [glassfish 4.1] [INFO] [NCLS-CORE-00087] [javax.enterprise.system.core] [tid: _ThreadID=18 _ThreadName=RunLevelControllerThread-1482834735715] [timeMillis: 1482834737354] [levelValue: 800] [[
  Grizzly Framework 2.3.23 started in: 56ms - bound to [/0.0.0.0:8080]]]

[2016-12-27T11:32:17.394+0100] [glassfish 4.1] [WARNING] [] [org.glassfish.grizzly.config.Utils] [tid: _ThreadID=18 _ThreadName=RunLevelControllerThread-1482834735715] [timeMillis: 1482834737394] [levelValue: 900] [[
  Instance could not be initialized. Class=interface org.glassfish.grizzly.http.server.AddOn, name=http-listener-2, realClassName=org.glassfish.grizzly.http2.Http2AddOn]]

[2016-12-27T11:32:17.456+0100] [glassfish 4.1] [INFO] [NCLS-CORE-00087] [javax.enterprise.system.core] [tid: _ThreadID=18 _ThreadName=RunLevelControllerThread-1482834735715] [timeMillis: 1482834737456] [levelValue: 800] [[
  Grizzly Framework 2.3.23 started in: 18ms - bound to [/0.0.0.0:8081]]]

[2016-12-27T11:32:17.483+0100] [glassfish 4.1] [WARNING] [] [org.glassfish.grizzly.config.Utils] [tid: _ThreadID=18 _ThreadName=RunLevelControllerThread-1482834735715] [timeMillis: 1482834737483] [levelValue: 900] [[
  Instance could not be initialized. Class=interface org.glassfish.grizzly.http.server.AddOn, name=admin-listener, realClassName=org.glassfish.grizzly.http2.Http2AddOn]]

[2016-12-27T11:32:17.542+0100] [glassfish 4.1] [INFO] [NCLS-CORE-00087] [javax.enterprise.system.core] [tid: _ThreadID=18 _ThreadName=RunLevelControllerThread-1482834735715] [timeMillis: 1482834737542] [levelValue: 800] [[
  Grizzly Framework 2.3.23 started in: 26ms - bound to [/0.0.0.0:8048]]]

[2016-12-27T11:32:17.635+0100] [glassfish 4.1] [INFO] [NCLS-CORE-00087] [javax.enterprise.system.core] [tid: _ThreadID=19 _ThreadName=RunLevelControllerThread-1482834735723] [timeMillis: 1482834737635] [levelValue: 800] [[
  Grizzly Framework 2.3.23 started in: 3ms - bound to [/0.0.0.0:8037]]]

[2016-12-27T11:32:17.642+0100] [glassfish 4.1] [INFO] [NCLS-CORE-00017] [javax.enterprise.system.core] [tid: _ThreadID=1 _ThreadName=main] [timeMillis: 1482834737642] [levelValue: 800] [[
  GlassFish Server Open Source Edition  4.1.1  (1) startup time : Felix (3.812ms), startup services(1.951ms), total(5.763ms)]]

[2016-12-27T11:32:17.893+0100] [glassfish 4.1] [INFO] [jts.startup_msg] [javax.enterprise.system.core.transaction.com.sun.jts.CosTransactions] [tid: _ThreadID=18 _ThreadName=RunLevelControllerThread-1482834735715] [timeMillis: 1482834737893] [levelValue: 800] [[
  JTS5014: Recoverable JTS instance, serverId = [100]]]

[2016-12-27T11:32:18.298+0100] [glassfish 4.1] [INFO] [NCLS-JMX-00005] [javax.enterprise.system.jmx] [tid: _ThreadID=63 _ThreadName=Thread-16] [timeMillis: 1482834738298] [levelValue: 800] [[
  JMXStartupService has started JMXConnector on JMXService URL service:jmx:rmi://tobias-IdeaPad-U430-Touch:8086/jndi/rmi://tobias-IdeaPad-U430-Touch:8086/jmxrmi]]

[2016-12-27T11:32:18.523+0100] [glassfish 4.1] [INFO] [NCLS-CORE-00087] [javax.enterprise.system.core] [tid: _ThreadID=17 _ThreadName=RunLevelControllerThread-1482834735701] [timeMillis: 1482834738523] [levelValue: 800] [[
  Grizzly Framework 2.3.23 started in: 2ms - bound to [/0.0.0.0:15676]]]

[2016-12-27T11:32:18.543+0100] [glassfish 4.1] [INFO] [NCLS-BOOTSTRAP-00027] [javax.enterprise.bootstrap] [tid: _ThreadID=1 _ThreadName=main] [timeMillis: 1482834738543] [levelValue: 800] [[
  Registered com.sun.enterprise.glassfish.bootstrap.osgi.EmbeddedOSGiGlassFishImpl@22ad1bae as OSGi service registration: org.apache.felix.framework.ServiceRegistrationImpl@a146b11.]]

[2016-12-27T11:32:59.590+0100] [glassfish 4.1] [INFO] [NCLS-REST-00001] [javax.enterprise.admin.rest] [tid: _ThreadID=49 _ThreadName=admin-listener(2)] [timeMillis: 1482834779590] [levelValue: 800] [[
  Listening to REST requests at context: /command/domain.]]

[2016-12-27T11:33:00.167+0100] [glassfish 4.1] [INFO] [NCLS-CORE-00092] [javax.enterprise.system.core] [tid: _ThreadID=90 _ThreadName=Thread-24] [timeMillis: 1482834780167] [levelValue: 800] [[
  Server shutdown initiated]]

[2016-12-27T11:33:00.182+0100] [glassfish 4.1] [INFO] [NCLS-BOOTSTRAP-00028] [javax.enterprise.bootstrap] [tid: _ThreadID=90 _ThreadName=Thread-24] [timeMillis: 1482834780182] [levelValue: 800] [[
  Unregistered com.sun.enterprise.glassfish.bootstrap.osgi.EmbeddedOSGiGlassFishImpl@22ad1bae from service registry.]]

[2016-12-27T11:33:00.189+0100] [glassfish 4.1] [INFO] [] [] [tid: _ThreadID=90 _ThreadName=Thread-8] [timeMillis: 1482834780189] [levelValue: 800] [[
  FileMonitoring shutdown]]

[2016-12-27T11:33:00.217+0100] [glassfish 4.1] [INFO] [NCLS-JMX-00002] [javax.enterprise.system.jmx] [tid: _ThreadID=90 _ThreadName=Thread-24] [timeMillis: 1482834780217] [levelValue: 800] [[
  JMXStartupService: Stopped JMXConnectorServer: null]]

[2016-12-27T11:33:00.218+0100] [glassfish 4.1] [INFO] [NCLS-JMX-00001] [javax.enterprise.system.jmx] [tid: _ThreadID=90 _ThreadName=Thread-24] [timeMillis: 1482834780218] [levelValue: 800] [[
  JMXStartupService and JMXConnectors have been shut down.]]

[2016-12-27T11:33:00.377+0100] [glassfish 4.1] [INFO] [] [] [tid: _ThreadID=95 _ThreadName=Thread-8] [timeMillis: 1482834780377] [levelValue: 800] [[
  JdbcRuntimeExtension,  getAllSystemRAResourcesAndPools = [GlassFishConfigBean.org.glassfish.jdbc.config.JdbcResource, GlassFishConfigBean.org.glassfish.jdbc.config.JdbcResource, GlassFishConfigBean.org.glassfish.jdbc.config.JdbcConnectionPool, GlassFishConfigBean.org.glassfish.jdbc.config.JdbcConnectionPool]]]

